     1                                  PRINT_BUFF_SIZE equ 128
     2                                  default abs
     3                                  section .text 
     4                                  
     5                                  ; global _start
     6                                  ; global print
     7                                  
     8                                  ; _start:
     9                                  ; 	push 1589
    10                                  ; 	call print
    11                                  ; 	add rsp, 8
    12                                  ;
    13                                  ; 	mov rax, 0x3c
    14                                  ; 	xor rdx, rdx
    15                                  ; 	syscall
    16                                  
    17                                  
    18                                  ;===================================================================================
    19                                  ; Notes: print для стандартной библеотеки
    20                                  ;===================================================================================
    21                                  
    22                                  print:
    23 00000000 55                      	push rbp
    24                                  	; push rbx
    25                                  
    26 00000001 4D31D2                  	xor r10, r10
    27                                  
    28 00000004 4889E5                  	mov rbp, rsp
    29 00000007 4883C510                	add rbp, 16 ; тут надо посмотреть
    30                                  	;add rbp, 8 
    31 0000000B 488D3C25[80000000]      	lea rdi, [ buff_print]
    32                                  
    33                                  ; ==== Тут должен быть цикл с принтом числа, пока что будет принт одного числа
    34 00000013 E82A000000              	call print_num_dec 		
    35                                  
    36                                  	exit:
    37 00000018 B80A000000              	mov rax, `\n`
    38 0000001D AA                      	stosb
    39 0000001E 4C8D2C25[80000000]      	lea r13, [ buff_print]
    40 00000026 4C29EF                  	sub rdi, r13
    41 00000029 4889FA                  	mov rdx, rdi
    42                                  
    43 0000002C B801000000              	mov rax, 1
    44 00000031 BF01000000              	mov rdi, 1
    45 00000036 488D3425[80000000]      	lea rsi, [ buff_print]
    46 0000003E 0F05                    	syscall 
    47                                  	
    48                                  	; pop rbx		
    49 00000040 5D                      	pop rbp
    50                                  	
    51 00000041 C3                      	ret
    52                                  ;======================================================================================================
    53                                  ; Regs: rbp - хранит адресс начала аргументов (пока что только на один), поэтому его не трогать!!!
    54                                  ; 	rdi - адресс на buff_print 
    55                                  ;======================================================================================================
    56                                  
    57                                  print_num_dec:
    58 00000042 56                      	push rsi
    59 00000043 51                      	push rcx
    60                                  	
    61 00000044 488B4500                	mov rax, [rbp + 8 * 0]
    62                                  
    63 00000048 48A900000040            	test rax, 1000000000000000000000000000000b ; 2 ^ 31; 32 бит
    64 0000004E 7411                    	jz plus 
    65                                  	
    66 00000050 50                      	push rax
    67 00000051 B82D000000              	mov rax, '-'
    68 00000056 AA                      	stosb
    69 00000057 E83A000000              	call check_print_buff	
    70 0000005C 58                      	pop rax
    71                                  	
    72 0000005D F7D0                    	not eax 	
    73 0000005F FFC0                    	inc eax
    74                                  	plus:
    75 00000061 57                      	push rdi
    76 00000062 488D3C25[00000000]      	lea rdi, [ buff_num] 
    77 0000006A 4889FE                  	mov rsi, rdi	
    78 0000006D B90A000000              	mov rcx, 10
    79                                  
    80                                  	.converting_num:
    81 00000072 4831D2                  		xor rdx, rdx
    82 00000075 48F7F1                  		div rcx			
    83 00000078 50                      		push rax
    84 00000079 4889D0                  		mov rax, rdx
    85 0000007C E84C000000              		call get_asci_code_reg
    86 00000081 58                      		pop rax
    87 00000082 4885C0                  		test rax, rax
    88 00000085 75EB                    		jnz .converting_num
    89                                  	
    90 00000087 4829F7                  	sub rdi, rsi
    91 0000008A 4889FA                  	mov rdx, rdi
    92 0000008D 5F                      	pop rdi
    93                                  
    94 0000008E E848000000              	call make_buff_rev
    95                                  
    96 00000093 59                      	pop rcx
    97 00000094 5E                      	pop rsi
    98 00000095 C3                      	ret
    99                                  
   100                                  check_print_buff:
   101 00000096 50                      	push rax
   102 00000097 52                      	push rdx
   103 00000098 56                      	push rsi
   104 00000099 51                      	push rcx
   105                                  
   106 0000009A 4C8D2C25[00010000]      	lea r13, [ end_of_buff_print]
   107 000000A2 4C39EF                  	cmp rdi, r13
   108                                  
   109 000000A5 7221                    	jb .end_func
   110 000000A7 B801000000              		mov rax, 1
   111 000000AC BF01000000              		mov rdi, 1
   112 000000B1 BA80000000              		mov rdx, PRINT_BUFF_SIZE
   113 000000B6 488D3425[80000000]      		lea rsi, [ buff_print]
   114 000000BE 0F05                    		syscall
   115                                  	
   116 000000C0 488D3C25[80000000]      	lea rdi, [ buff_print]
   117                                  	
   118                                  	.end_func:	
   119 000000C8 59                      	pop rcx
   120 000000C9 5E                      	pop rsi
   121 000000CA 5A                      	pop rdx
   122 000000CB 58                      	pop rax	
   123                                  	
   124 000000CC C3                      	ret
   125                                  
   126                                  get_asci_code_reg:
   127 000000CD 3C0A                    	cmp al, 10
   128 000000CF 7D04                    	jge .letter
   129 000000D1 0430                    		add al, '0'
   130 000000D3 AA                      		stosb
   131 000000D4 C3                      		ret
   132                                  
   133                                  	.letter:
   134 000000D5 488D4037                		lea rax, ['A' + rax - 10]
   135 000000D9 AA                      		stosb
   136 000000DA C3                      		ret
   137                                  
   138                                  make_buff_rev:
   139 000000DB 51                      	push rcx
   140 000000DC 4801D7                  	add rdi, rdx
   141                                  
   142 000000DF 4C8D2C25[00010000]      	lea r13, [ end_of_buff_print]
   143 000000E7 4C39EF                  	cmp rdi, r13
   144 000000EA 7208                    	jb no_flush
   145 000000EC E8A5FFFFFF              		call check_print_buff
   146 000000F1 4801D7                  		add rdi, rdx
   147                                  	no_flush:
   148                                    
   149 000000F4 57                      	push rdi
   150 000000F5 48FFCF                  	dec rdi 
   151 000000F8 4889D1                  	mov rcx, rdx	
   152                                  	
   153                                  	.byte_cpy:
   154 000000FB FC                      		cld
   155 000000FC AC                      		lodsb
   156 000000FD FD                      		std
   157 000000FE AA                      		stosb
   158 000000FF FC                      		cld
   159 00000100 E891FFFFFF              		call check_print_buff
   160 00000105 E2F4                    		loop .byte_cpy	
   161                                  
   162 00000107 5F                      	pop rdi
   163 00000108 59                      	pop rcx
   164 00000109 C3                      	ret
   165                                  
   166                                  
   167                                  
   168                                  default abs
   169                                  section .text 
   170                                  
   171                                  scan:
   172 0000010A 55                      	push rbp
   173                                  		
   174 0000010B B800000000              	mov rax, 0
   175 00000110 BF00000000              	mov rdi, 0        ; stdin дескриптор
   176 00000115 48BE-                   	mov rsi, buff_num ; буффер для числа
   176 00000117 [0000000000000000] 
   177 0000011F BA08000000              	mov rdx, 8  ; максимальное количество байт
   178                                  	
   179 00000124 0F05                    	syscall 
   180                                  
   181 00000126 E802000000              	call make_num_from_buff	
   182                                  
   183 0000012B 5D                      	pop rbp
   184 0000012C C3                      	ret
   185                                  
   186                                  make_num_from_buff:	
   187 0000012D 4831DB                  	xor rbx, rbx
   188 00000130 41BA01000000            	mov r10, 1
   189                                  
   190 00000136 803E2D                  	cmp byte [rsi], '-'	
   191 00000139 750A                    	jne without_minus
   192 0000013B 49C7C2FFFFFFFF          	mov r10, -1
   193 00000142 48FFC6                  	inc rsi
   194                                  	without_minus:
   195 00000145 4152                    	push r10	
   196                                  
   197                                  	convert_num:
   198 00000147 AC                      		lodsb
   199 00000148 4883F80A                		cmp rax, 0ah
   200 0000014C 7419                    		jz convert_end
   201                                  		
   202 0000014E 50                      		push rax
   203 0000014F 4889D8                  		mov rax, rbx
   204 00000152 BB0A000000              		mov rbx, 10
   205 00000157 48F7E3                  		mul rbx
   206 0000015A 4889C3                  		mov rbx, rax
   207 0000015D 58                      		pop rax
   208                                  
   209 0000015E 4801C3                  		add rbx, rax
   210 00000161 4883EB30                		sub rbx, `0`
   211                                  
   212 00000165 EBE0                    		jmp convert_num
   213                                  	
   214                                  	convert_end:
   215                                  
   216 00000167 4889D8                  	mov rax, rbx
   217 0000016A 415A                    	pop r10
   218 0000016C 49F7E2                  	mul r10
   219                                  
   220 0000016F C3                      	ret
   221                                  
   222                                  
   223                                  section .data
   224                                  
   225 00000000 0000000000000000-       buff_num times 8 dq 0
   225 00000000 <rep 8h>           
   226 00000040 0000000000000000-       buff_rev times 8 dq 0
   226 00000040 <rep 8h>           
   227                                  
   228 00000080 00<rep 80h>             buff_print times 128 db 0
   229                                  end_of_buff_print:
   230                                  
   231                                  
   232                                  section .text
   233                                  
   234                                  printchar:
   235 00000170 55                      	push rbp
   236 00000171 4889E5                  	mov rbp, rsp
   237 00000174 4883C510                	add rbp, 16
   238                                  
   239 00000178 488B4500                	mov rax, [rbp]
   240 0000017C 48890425[80000000]      	mov [buff_print], rax
   241                                  
   242 00000184 B801000000              	mov rax, 1
   243 00000189 BF01000000              	mov rdi, 1
   244 0000018E 488D3425[80000000]      	lea rsi, [buff_print]
   245 00000196 BA01000000              	mov rdx, 1
   246 0000019B 0F05                    	syscall
   247                                  
   248 0000019D 5D                      	pop rbp
   249 0000019E C3                      	ret
   250                                  
   251                                  
   252                                  section .text
   253                                  global _start
   254                                  _start:
   255 0000019F 55                      push rbp
   256 000001A0 4889E5                  mov rbp, rsp
   257 000001A3 4883EC40                sub rsp, 8 * 8
   258 000001A7 E85EFFFFFF              call scan
   259 000001AC 4883C4F8                add rsp, -1 * 8
   260 000001B0 488945F8                mov [rbp - (1) * 8], rax
   261 000001B4 E851FFFFFF              call scan
   262 000001B9 4883C4F8                add rsp, -1 * 8
   263 000001BD 488945F0                mov [rbp - (2) * 8], rax
   264 000001C1 E844FFFFFF              call scan
   265 000001C6 4883C4F8                add rsp, -1 * 8
   266 000001CA 488945E8                mov [rbp - (3) * 8], rax
   267 000001CE 488B45E8                mov rax, [rbp - (3) * 8]
   268 000001D2 50                      push rax
   269 000001D3 488B45F8                mov rax, [rbp - (1) * 8]
   270 000001D7 50                      push rax
   271 000001D8 B804000000              mov rax, 4
   272 000001DD 5B                      pop rbx
   273 000001DE 48F7EB                  imul rbx
   274 000001E1 4881E200000040          and rdx, 1 << 30
   275 000001E8 4809D0                  or rax,  rdx
   276 000001EB 5B                      pop rbx
   277 000001EC 48F7EB                  imul rbx
   278 000001EF 4881E200000040          and rdx, 1 << 30
   279 000001F6 4809D0                  or rax,  rdx
   280 000001F9 50                      push rax
   281 000001FA 488B45F0                mov rax, [rbp - (2) * 8]
   282 000001FE 50                      push rax
   283 000001FF 488B45F0                mov rax, [rbp - (2) * 8]
   284 00000203 5B                      pop rbx
   285 00000204 48F7EB                  imul rbx
   286 00000207 4881E200000040          and rdx, 1 << 30
   287 0000020E 4809D0                  or rax,  rdx
   288 00000211 5B                      pop rbx
   289 00000212 4829D8                  sub rax, rbx
   290 00000215 488945E0                mov [rbp - (4) * 8], rax
   291 00000219 B800000000              mov rax, 0
   292 0000021E 488945D8                mov [rbp - (5) * 8], rax
   293 00000222 B800000000              mov rax, 0
   294 00000227 488945D0                mov [rbp - (6) * 8], rax
   295                                  
   296                                  
   297                                  LBLCOND1:
   298 0000022B 488B45F8                mov rax, [rbp - (1) * 8]
   299 0000022F 50                      push rax
   300 00000230 B800000000              mov rax, 0
   301 00000235 5B                      pop rbx
   302 00000236 4839C3                  cmp rbx, rax
   303 00000239 0F8462010000            je  LBLEND1
   304                                  
   305                                  
   306                                  LBLCOND2:
   307 0000023F 488B45E0                mov rax, [rbp - (4) * 8]
   308 00000243 50                      push rax
   309 00000244 B800000000              mov rax, 0
   310 00000249 5B                      pop rbx
   311 0000024A 4839C3                  cmp rbx, rax
   312 0000024D 0F8ECA000000            jle  LBLEND2
   313 00000253 4831D2                  xor rdx, rdx
   314 00000256 488B45F8                mov rax, [rbp - (1) * 8]
   315 0000025A 50                      push rax
   316 0000025B B802000000              mov rax, 2
   317 00000260 5B                      pop rbx
   318 00000261 48F7EB                  imul rbx
   319 00000264 4881E200000040          and rdx, 1 << 30
   320 0000026B 4809D0                  or rax,  rdx
   321 0000026E 50                      push rax
   322 0000026F 488B45E0                mov rax, [rbp - (4) * 8]
   323 00000273 F3480F2AC0              cvtsi2ss xmm0, rax
   324 00000278 F30F51C0                sqrtss xmm0, xmm0
   325 0000027C F3480F2CC0              cvttss2si rax, xmm0
   326 00000281 50                      push rax
   327 00000282 488B45F0                mov rax, [rbp - (2) * 8]
   328 00000286 50                      push rax
   329 00000287 48C7C0FFFFFFFF          mov rax, -1
   330 0000028E 5B                      pop rbx
   331 0000028F 48F7EB                  imul rbx
   332 00000292 4881E200000040          and rdx, 1 << 30
   333 00000299 4809D0                  or rax,  rdx
   334 0000029C 5B                      pop rbx
   335 0000029D 4801D8                  add rax, rbx
   336 000002A0 5B                      pop rbx
   337 000002A1 4899                    cqo
   338 000002A3 48F7FB                  idiv rbx
   339 000002A6 488945D8                mov [rbp - (5) * 8], rax
   340 000002AA 4831D2                  xor rdx, rdx
   341 000002AD 488B45F8                mov rax, [rbp - (1) * 8]
   342 000002B1 50                      push rax
   343 000002B2 B802000000              mov rax, 2
   344 000002B7 5B                      pop rbx
   345 000002B8 48F7EB                  imul rbx
   346 000002BB 4881E200000040          and rdx, 1 << 30
   347 000002C2 4809D0                  or rax,  rdx
   348 000002C5 50                      push rax
   349 000002C6 488B45E0                mov rax, [rbp - (4) * 8]
   350 000002CA F3480F2AC0              cvtsi2ss xmm0, rax
   351 000002CF F30F51C0                sqrtss xmm0, xmm0
   352 000002D3 F3480F2CC0              cvttss2si rax, xmm0
   353 000002D8 50                      push rax
   354 000002D9 488B45F0                mov rax, [rbp - (2) * 8]
   355 000002DD 50                      push rax
   356 000002DE 48C7C0FFFFFFFF          mov rax, -1
   357 000002E5 5B                      pop rbx
   358 000002E6 48F7EB                  imul rbx
   359 000002E9 4881E200000040          and rdx, 1 << 30
   360 000002F0 4809D0                  or rax,  rdx
   361 000002F3 5B                      pop rbx
   362 000002F4 4829D8                  sub rax, rbx
   363 000002F7 5B                      pop rbx
   364 000002F8 4899                    cqo
   365 000002FA 48F7FB                  idiv rbx
   366 000002FD 488945D0                mov [rbp - (6) * 8], rax
   367 00000301 488B45D8                mov rax, [rbp - (5) * 8]
   368 00000305 50                      push rax
   369 00000306 E8F5FCFFFF              call print
   370 0000030B 4883C4F8                add rsp, -1 * 8
   371 0000030F 488B45D0                mov rax, [rbp - (6) * 8]
   372 00000313 50                      push rax
   373 00000314 E8E7FCFFFF              call print
   374 00000319 4883C4F8                add rsp, -1 * 8
   375                                  LBLEND2:
   376                                  
   377                                  
   378                                  
   379                                  LBLCOND3:
   380 0000031D 488B45E0                mov rax, [rbp - (4) * 8]
   381 00000321 50                      push rax
   382 00000322 B800000000              mov rax, 0
   383 00000327 5B                      pop rbx
   384 00000328 4839C3                  cmp rbx, rax
   385 0000032B 7542                    jne  LBLEND3
   386 0000032D 4831D2                  xor rdx, rdx
   387 00000330 488B45F8                mov rax, [rbp - (1) * 8]
   388 00000334 50                      push rax
   389 00000335 B802000000              mov rax, 2
   390 0000033A 5B                      pop rbx
   391 0000033B 48F7EB                  imul rbx
   392 0000033E 4881E200000040          and rdx, 1 << 30
   393 00000345 4809D0                  or rax,  rdx
   394 00000348 50                      push rax
   395 00000349 488B45F0                mov rax, [rbp - (2) * 8]
   396 0000034D 50                      push rax
   397 0000034E B800000000              mov rax, 0
   398 00000353 5B                      pop rbx
   399 00000354 4829D8                  sub rax, rbx
   400 00000357 5B                      pop rbx
   401 00000358 4899                    cqo
   402 0000035A 48F7FB                  idiv rbx
   403 0000035D 488945D8                mov [rbp - (5) * 8], rax
   404 00000361 488B45D8                mov rax, [rbp - (5) * 8]
   405 00000365 50                      push rax
   406 00000366 E895FCFFFF              call print
   407 0000036B 4883C4F8                add rsp, -1 * 8
   408                                  LBLEND3:
   409                                  
   410 0000036F B800000000              mov rax, 0
   411 00000374 488945C8                mov [rbp - (7) * 8], rax
   412                                  
   413                                  
   414                                  LBLCOND4:
   415 00000378 488B45E0                mov rax, [rbp - (4) * 8]
   416 0000037C 50                      push rax
   417 0000037D B800000000              mov rax, 0
   418 00000382 5B                      pop rbx
   419 00000383 4839C3                  cmp rbx, rax
   420 00000386 7D19                    jge  LBLEND4
   421 00000388 48C7C0FFFFFFFF          mov rax, -1
   422 0000038F 488945C8                mov [rbp - (7) * 8], rax
   423 00000393 488B45C8                mov rax, [rbp - (7) * 8]
   424 00000397 50                      push rax
   425 00000398 E863FCFFFF              call print
   426 0000039D 4883C4F8                add rsp, -1 * 8
   427                                  LBLEND4:
   428                                  
   429                                  LBLEND1:
   430                                  
   431                                  
   432                                  
   433                                  LBLCOND5:
   434 000003A1 488B45F8                mov rax, [rbp - (1) * 8]
   435 000003A5 50                      push rax
   436 000003A6 B800000000              mov rax, 0
   437 000003AB 5B                      pop rbx
   438 000003AC 4839C3                  cmp rbx, rax
   439 000003AF 0F8595000000            jne  LBLEND5
   440                                  
   441                                  
   442                                  LBLCOND6:
   443 000003B5 488B45F0                mov rax, [rbp - (2) * 8]
   444 000003B9 50                      push rax
   445 000003BA B800000000              mov rax, 0
   446 000003BF 5B                      pop rbx
   447 000003C0 4839C3                  cmp rbx, rax
   448 000003C3 7547                    jne  LBLEND6
   449                                  
   450                                  
   451                                  LBLCOND7:
   452 000003C5 488B45E8                mov rax, [rbp - (3) * 8]
   453 000003C9 50                      push rax
   454 000003CA B800000000              mov rax, 0
   455 000003CF 5B                      pop rbx
   456 000003D0 4839C3                  cmp rbx, rax
   457 000003D3 750E                    jne  LBLEND7
   458 000003D5 68385B0100              push 88888
   459 000003DA E821FCFFFF              call print
   460 000003DF 4883C4F8                add rsp, -1 * 8
   461                                  LBLEND7:
   462                                  
   463                                  
   464                                  
   465                                  LBLCOND8:
   466 000003E3 488B45E8                mov rax, [rbp - (3) * 8]
   467 000003E7 50                      push rax
   468 000003E8 B800000000              mov rax, 0
   469 000003ED 5B                      pop rbx
   470 000003EE 4839C3                  cmp rbx, rax
   471 000003F1 7419                    je  LBLEND8
   472 000003F3 48C7C0FFFFFFFF          mov rax, -1
   473 000003FA 488945C0                mov [rbp - (8) * 8], rax
   474 000003FE 488B45C0                mov rax, [rbp - (8) * 8]
   475 00000402 50                      push rax
   476 00000403 E8F8FBFFFF              call print
   477 00000408 4883C4F8                add rsp, -1 * 8
   478                                  LBLEND8:
   479                                  
   480                                  LBLEND6:
   481                                  
   482                                  
   483                                  
   484                                  LBLCOND9:
   485 0000040C 488B45F0                mov rax, [rbp - (2) * 8]
   486 00000410 50                      push rax
   487 00000411 B800000000              mov rax, 0
   488 00000416 5B                      pop rbx
   489 00000417 4839C3                  cmp rbx, rax
   490 0000041A 742E                    je  LBLEND9
   491 0000041C 4831D2                  xor rdx, rdx
   492 0000041F 488B45F0                mov rax, [rbp - (2) * 8]
   493 00000423 50                      push rax
   494 00000424 488B45E8                mov rax, [rbp - (3) * 8]
   495 00000428 50                      push rax
   496 00000429 B800000000              mov rax, 0
   497 0000042E 5B                      pop rbx
   498 0000042F 4829D8                  sub rax, rbx
   499 00000432 5B                      pop rbx
   500 00000433 4899                    cqo
   501 00000435 48F7FB                  idiv rbx
   502 00000438 488945D8                mov [rbp - (5) * 8], rax
   503 0000043C 488B45D8                mov rax, [rbp - (5) * 8]
   504 00000440 50                      push rax
   505 00000441 E8BAFBFFFF              call print
   506 00000446 4883C4F8                add rsp, -1 * 8
   507                                  LBLEND9:
   508                                  
   509                                  LBLEND5:
   510                                  
   511                                  END_FUNC1:
   512 0000044A 4883C440                add rsp, 8 * 8
   513 0000044E 5D                      pop rbp
   514 0000044F B83C000000              mov rax, 0x3c
   515 00000454 4831D2                  xor rdx, rdx
   516 00000457 0F05                    syscall
